0,100
RTDS Loadflow
test system
    1  'BUS1      '  18.0 3     0.0000     0.0000    1    1   1.06000    0.00000
    2  'BUS10     '  18.0 1     0.0000     0.0000    1    1   1.02842  -14.52245
    3  'BUS11     '  18.0 1     0.0000     0.0000    1    1   1.04538  -14.38289
    4  'BUS12     '  18.0 1     0.0000     0.0000    1    1   1.05495  -14.75155
    5  'BUS13     '  18.0 1     0.0000     0.0000    1    1   1.04558  -14.92900
    6  'BUS14     '  18.0 1     0.0000     0.0000    1    1   1.01775  -15.60084
    7  'BUS2      '  18.0 1     0.0000     0.0000    1    1   1.05169   -4.49368
    8  'BUS3      '  18.0 2     0.0000     0.0000    1    1   1.01000  -12.17400
    9  'BUS4      '  18.0 1     0.0000     0.0000    1    1   1.01748   -9.84611
   10  'BUS5      '  18.0 1     0.0000     0.0000    1    1   1.02019   -8.39505
   11  'BUS6      '  18.0 2     0.0000     0.0000    1    1   1.07000  -14.01256
   12  'BUS7      '  18.0 1     0.0000     0.0000    1    1   1.05519  -12.97437
   13  'BUS8      '  18.0 2     0.0000     0.0000    1    1   1.09000  -13.51154
   14  'BUS9      '  18.0 1     0.0000     0.0000    1    1   1.02871  -14.28912
0 /end bus section starting load section
    1   1   1   1   1    0.0000    0.0000     0.0000     0.0000     0.0000     0.0000 1
    2   1   1   1   1    0.0000    0.0000     0.0000     0.0000     8.5227    -5.4924 1
    2   2   1   1   1    0.0000    0.0000     0.0000     0.0000     0.0000     0.0000 1
    2   3   1   1   1    0.0000    0.0000     0.0000     0.0000     0.0000     0.0000 1
    3   1   1   1   1    0.0000    0.0000     0.0000     0.0000     3.2051    -1.6483 1
    3   2   1   1   1    0.0000    0.0000     0.0000     0.0000     0.0000     0.0000 1
    3   3   1   1   1    0.0000    0.0000     0.0000     0.0000     0.0000     0.0000 1
    4   1   1   1   1    0.0000    0.0000     0.0000     0.0000     0.0000     0.0000 1
    4   2   1   1   1    0.0000    0.0000     0.0000     0.0000     5.5007    -1.4428 1
    4   3   1   1   1    0.0000    0.0000     0.0000     0.0000     0.0000     0.0000 1
    5   1   1   1   1    0.0000    0.0000     0.0000     0.0000     0.0000     0.0000 1
    5   2   1   1   1    0.0000    0.0000     0.0000     0.0000     0.0000     0.0000 1
    5   3   1   1   1    0.0000    0.0000     0.0000     0.0000    12.3335    -5.2989 1
    5   4   1   1   1    0.0000    0.0000     0.0000     0.0000     0.0000     0.0000 1
    6   1   1   1   1    0.0000    0.0000     0.0000     0.0000     0.0000     0.0000 1
    6   2   1   1   1    0.0000    0.0000     0.0000     0.0000    14.3925    -4.8296 1
    6   3   1   1   1    0.0000    0.0000     0.0000     0.0000     0.0000     0.0000 1
    7   1   1   1   1    0.0000    0.0000     0.0000     0.0000     0.0000     0.0000 1
    8   1   1   1   1    0.0000    0.0000     0.0000     0.0000    92.3431   -18.6275 1
    8   2   1   1   1    0.0000    0.0000     0.0000     0.0000     0.0000     0.0000 1
    9   1   1   1   1    0.0000    0.0000     0.0000     0.0000    46.3730     3.7836 1
    9   2   1   1   1    0.0000    0.0000     0.0000     0.0000     0.0144     0.0000 1
    9   3   1   1   1    0.0000    0.0000     0.0000     0.0000     0.0054     0.0000 1
   10   1   1   1   1    0.0000    0.0000     0.0000     0.0000     7.3333    -1.5439 1
   10   2   1   1   1    0.0000    0.0000     0.0000     0.0000     0.0119     0.0000 1
   10   3   1   1   1    1.0000    1.0000     0.0000     0.0000     0.0000     0.0000 1
   11   1   1   1   1    0.0000    0.0000     0.0000     0.0000     0.0000     0.0000 1
   11   2   1   1   1    0.0000    0.0000     0.0000     0.0000     0.0000     0.0000 1
   11   3   1   1   1    0.0000    0.0000     0.0000     0.0000     9.7826    -6.5508 1
   11   4   1   1   1    0.0000    0.0000     0.0000     0.0000     0.0000     0.0000 1
   11   5   1   1   1    0.0000    0.0000     0.0000     0.0000     0.0119     0.0000 1
   11   6   1   1   1    0.0000    0.0000     0.0000     0.0000     0.0000     0.0000 1
   12   1   1   1   1    0.0000    0.0000     0.0000     0.0000     0.0000     0.0000 1
   12   2   1   1   1    0.0000    0.0000     0.0000     0.0000     0.0144     0.0000 1
   12   3   1   1   1    0.0000    0.0000     0.0000     0.0000     0.0000     0.0000 1
   13   1   1   1   1    0.0000    0.0000     0.0000     0.0000     0.0000     0.0000 1
   13   2   1   1   1    0.0000    0.0000     0.0000     0.0000     0.0000     0.0000 1
   14   1   1   1   1    0.0000    0.0000     0.0000     0.0000    27.9282   -15.7158 1
   14   2   1   1   1    0.0000    0.0000     0.0000     0.0000     0.0000     0.0000 1
   14   3   1   1   1    0.0000    0.0000     0.0000     0.0000     0.0000     0.1900 1
   14   4   1   1   1    0.0000    0.0000     0.0000     0.0000     0.0000     0.0000 1
   14   5   1   1   1    0.0000    0.0000     0.0000     0.0000     0.0054     0.0000 1
   14   6   1   1   1    0.0000    0.0000     0.0000     0.0000     0.0000     0.0000 1
0 /end load section starting source section
    1   1     212.0158     -24.0929    99999.9000    -9999.9000  1.0600  0   100.0000 0  1  0  0  1  1  100  9999  -9999  0  1
    7   1      40.0000      45.8000    99999.9000    -9999.9000  1.0450  0   100.0000 0  1  0  0  1  1  100  9999  -9999  0  1
    8   1       0.0000      20.3937    99999.9000    -9999.9000  1.0100  0   100.0000 0  1  0  0  1  1  100  9999  -9999  0  1
   11   1       0.0000      22.1840    99999.9000    -9999.9000  1.0700  0   100.0000 0  1  0  0  1  1  100  9999  -9999  0  1
   13   1       0.0000      21.5660    99999.9000    -9999.9000  1.0900  0   100.0000 0  1  0  0  1  1  100  9999  -9999  0  1
0 /end source section starting branch section
    1     10   1  0.05403   0.22304   0.04920   0.0000   0.0000   0.0000   0.00000    0.00000   0.0000   0.0000   0.0000   0.0000  1   0.00   1  1.000
    1      7   1  0.01938   0.05917   0.05280   0.0000   0.0000   0.0000   0.00000    0.00000   0.0000   0.0000   0.0000   0.0000  1   0.00   1  1.000
    2      3   1  0.08205   0.19210   0.00000   0.0000   0.0000   0.0000   0.00000    0.00000   0.0000   0.0000   0.0000   0.0000  1   0.00   1  1.000
    4      5   1  0.22092   0.19990   0.00000   0.0000   0.0000   0.0000   0.00000    0.00000   0.0000   0.0000   0.0000   0.0000  1   0.00   1  1.000
    5      6   1  0.17093   0.34802   0.00000   0.0000   0.0000   0.0000   0.00000    0.00000   0.0000   0.0000   0.0000   0.0000  1   0.00   1  1.000
    7     10   1  0.05695   0.17388   0.03400   0.0000   0.0000   0.0000   0.00000    0.00000   0.0000   0.0000   0.0000   0.0000  1   0.00   1  1.000
    7      9   1  0.05811   0.17632   0.03740   0.0000   0.0000   0.0000   0.00000    0.00000   0.0000   0.0000   0.0000   0.0000  1   0.00   1  1.000
    7      8   1  0.04699   0.19797   0.04380   0.0000   0.0000   0.0000   0.00000    0.00000   0.0000   0.0000   0.0000   0.0000  1   0.00   1  1.000
    8      9   1  0.06701   0.17103   0.03460   0.0000   0.0000   0.0000   0.00000    0.00000   0.0000   0.0000   0.0000   0.0000  1   0.00   1  1.000
    9     14   1  0.00000   0.55618   0.00000   0.0000   0.0000   0.0000   0.96889    0.00000   0.0000   0.0000   0.0000   0.0000  1   0.00   1  1.000
   10      9   1  0.01335   0.04211   0.01280   0.0000   0.0000   0.0000   0.00000    0.00000   0.0000   0.0000   0.0000   0.0000  1   0.00   1  1.000
   11      3   1  0.09498   0.19885   0.00000   0.0000   0.0000   0.0000   0.00000    0.00000   0.0000   0.0000   0.0000   0.0000  1   0.00   1  1.000
   11      5   1  0.06615   0.13032   0.00000   0.0000   0.0000   0.0000   0.00000    0.00000   0.0000   0.0000   0.0000   0.0000  1   0.00   1  1.000
   11      4   1  0.12291   0.25587   0.00000   0.0000   0.0000   0.0000   0.00000    0.00000   0.0000   0.0000   0.0000   0.0000  1   0.00   1  1.000
   11     10   1  0.00000   0.21902   0.00000   0.0000   0.0000   0.0000   1.07271    0.00000   0.0000   0.0000   0.0000   0.0000  1   0.00   1  1.000
   12      9   1  0.00000   0.19993   0.00000   0.0000   0.0000   0.0000   1.02273    0.00000   0.0000   0.0000   0.0000   0.0000  1   0.00   1  1.000
   12     14   1  0.05000   0.10996   0.00000   0.0000   0.0000   0.0000   0.00000    0.00000   0.0000   0.0000   0.0000   0.0000  1   0.00   1  1.000
   13     12   1  0.05000   0.17616   0.00000   0.0000   0.0000   0.0000   0.00000    0.00000   0.0000   0.0000   0.0000   0.0000  1   0.00   1  1.000
   14      2   1  0.03181   0.08447   0.00000   0.0000   0.0000   0.0000   0.00000    0.00000   0.0000   0.0000   0.0000   0.0000  1   0.00   1  1.000
   14      6   1  0.12711   0.27041   0.00000   0.0000   0.0000   0.0000   0.00000    0.00000   0.0000   0.0000   0.0000   0.0000  1   0.00   1  1.000
0 /end branch section starting adjustable transformer section
0 /end adjustable transformer section Area data section
0 /end Area data section Two terminal DC section
0 /end Two terminal DC section Shunt Data Section
0 /end Shunt Data Section
