 =====================================================
  PSCAD LINE CONSTANTS PROGRAM OUTPUT FILE (*.out)

  NOTE: This file is auto-generated.  Any manual
        changes will be lost once the Line Constants
        Program is re-run.
 =====================================================

  Display Format: M,N denotes a complex number M + jN


 -----------------------------------------------------
  PHASE DOMAIN DATA @     60.000 Hz:
 -----------------------------------------------------

 SERIES IMPEDANCE MATRIX (Z) [ohms/m]: 
    0.132744904E-03,0.662372592E-03   0.114448974E-03,0.274913378E-03   0.114448974E-03,0.274913378E-03
    0.114448974E-03,0.274913378E-03   0.132744904E-03,0.662372592E-03   0.114448974E-03,0.274913378E-03
    0.114448974E-03,0.274913378E-03   0.114448974E-03,0.274913378E-03   0.132744904E-03,0.662372592E-03

 SHUNT ADMITTANCE MATRIX (Y) [mhos/m]: 
    0.100000000E-10,0.378043303E-08   0.000000000E+00,-.471523740E-09   0.000000000E+00,-.471523740E-09
    0.000000000E+00,-.471523740E-09   0.100000000E-10,0.378043303E-08   0.000000000E+00,-.471523740E-09
    0.000000000E+00,-.471523740E-09   0.000000000E+00,-.471523740E-09   0.100000000E-10,0.378043303E-08

 LONG-LINE CORRECTED SERIES IMPEDANCE MATRIX [ohms]: 
    0.550509557E+01,0.275014089E+02   0.474563813E+01,0.114100901E+02   0.474563813E+01,0.114100901E+02
    0.474563813E+01,0.114100901E+02   0.550509557E+01,0.275014089E+02   0.474563813E+01,0.114100901E+02
    0.474563813E+01,0.114100901E+02   0.474563813E+01,0.114100901E+02   0.550509557E+01,0.275014089E+02

 LONG-LINE CORRECTED SHUNT ADMITTANCE MATRIX [mhos]: 
    0.422895605E-06,0.157124324E-03   0.522018678E-08,-.195863550E-04   0.522018678E-08,-.195863550E-04
    0.522018678E-08,-.195863550E-04   0.422895605E-06,0.157124324E-03   0.522018678E-08,-.195863550E-04
    0.522018678E-08,-.195863550E-04   0.522018678E-08,-.195863550E-04   0.422895605E-06,0.157124324E-03

 -----------------------------------------------------
  MODAL DOMAIN DATA @     60.00 Hz:
 -----------------------------------------------------

 YZ EIGENVECTOR (MODAL TRANSFORMATION) MATRIX (TI): 
    0.816496581E+00,0.000000000E+00   0.577350269E+00,0.000000000E+00   -.771281417E-01,0.112262490E-01
    -.408248290E+00,0.000000000E+00   0.577350269E+00,0.832667268E-16   -.665291318E+00,-.112262490E-01
    -.408248290E+00,-.277555756E-16   0.577350269E+00,0.555111512E-16   0.742419460E+00,0.000000000E+00

 YZ EIGENVALUE VECTOR: 
    0.104170745E+01,-.516453945E-01   0.217277466E+01,-.656565176E+00   0.104170745E+01,-.516453945E-01

 MODAL IMPEDANCE MATRIX [ohms/m]: 
    0.182959301E-04,0.387459215E-03   0.000000000E+00,0.216840434E-18   -.705556501E-05,-.363487310E-04
    0.000000000E+00,0.216840434E-18   0.361642853E-03,0.121219935E-02   0.000000000E+00,0.000000000E+00
    -.705556501E-05,-.363487310E-04   0.000000000E+00,0.000000000E+00   0.131700241E-04,0.387505502E-03

 MODAL ADMITTANCE MATRIX [mhos/m]: 
    0.218303891E-10,0.428922507E-08   0.000000000E+00,0.000000000E+00   0.664071421E-10,0.404196702E-09
    0.000000000E+00,0.000000000E+00   0.100000000E-10,0.283738555E-08   0.000000000E+00,0.000000000E+00
    0.664071421E-10,0.404196702E-09   0.000000000E+00,0.000000000E+00   0.785272021E-10,0.429035089E-08

 MODAL CHARACTERISTIC IMPEDANCE VECTOR (Z0) [ohms]: 
    0.300653583E+03,-.632904310E+01   0.660869290E+03,-.952904818E+02   0.300585599E+03,-.235550174E+01

 MODAL TRAVEL TIME VECTOR [ms]: 
    0.141500026E+00                   0.206563259E+00                   0.141500026E+00

 MODAL VELOCITY VECTOR [m/s]: 
    0.293639521E+09                   0.201149034E+09                   0.293639521E+09

 -----------------------------------------------------
  SEQUENCE COMPONENT DATA @     60.00 Hz:
 -----------------------------------------------------

 SEQUENCE TRANSFORM MATRIX: 
    0.577350269E+00,0.000000000E+00   0.577350269E+00,0.000000000E+00   0.577350269E+00,0.000000000E+00
    0.577350269E+00,0.000000000E+00   -.288675135E+00,-.500000000E+00   -.288675135E+00,0.500000000E+00
    0.577350269E+00,0.000000000E+00   -.288675135E+00,0.500000000E+00   -.288675135E+00,-.500000000E+00

 SEQUENCE IMPEDANCE MATRIX (Zsq) [ohms/m]: 
    0.361642853E-03,0.121219935E-02   0.000000000E+00,0.000000000E+00   0.000000000E+00,0.000000000E+00
    0.000000000E+00,0.000000000E+00   0.182959301E-04,0.387459215E-03   0.000000000E+00,0.000000000E+00
    0.000000000E+00,0.000000000E+00   0.000000000E+00,0.000000000E+00   0.182959301E-04,0.387459215E-03

 SEQUENCE ADMITTANCE MATRIX (Ysq) [mhos/m]: 
    0.100000000E-10,0.283738555E-08   0.000000000E+00,0.000000000E+00   0.000000000E+00,0.000000000E+00
    0.000000000E+00,0.000000000E+00   0.100000000E-10,0.425195677E-08   0.000000000E+00,0.000000000E+00
    0.000000000E+00,0.000000000E+00   0.000000000E+00,0.000000000E+00   0.100000000E-10,0.425195677E-08

 -----------------------------------------------------
  LOAD FLOW RXB FORMATTED DATA @     60.00 Hz:
 -----------------------------------------------------

  Per-Unit Quantities Based On:    Base Voltage:  230.00 kV,L-L,RMS
                                       Base MVA:  100.00 MVA

  NOTE: Base values are set using Output File Data
        Display Options component in Editor view.

  LONG-LINE CORRECTED SEQUENCE RESISTANCE RLLsq [p.u.]:
         + Seq. Self: 0.143564733E-02
         0 Seq. Self: 0.283485290E-01

  LONG-LINE CORRECTED SEQUENCE REACTANCE XLLsq [p.u.]:
         + Seq. Self: 0.304183720E-01
         0 Seq. Self: 0.951258775E-01

  LONG-LINE CORRECTED SEQUENCE SUSCEPTANCE BLLsq [p.u]:
         + Seq. Self: 0.934799493E-01
         0 Seq. Self: 0.623964040E-01

  SEQUENCE RESISTANCE Rsq [p.u.]:
         + Seq. Self: 0.143704328E-02
         0 Seq. Self: 0.284050294E-01

  SEQUENCE REACTANCE Xsq [p.u.]:
         + Seq. Self: 0.304327606E-01
         0 Seq. Self: 0.952114988E-01

  SEQUENCE SUSCEPTANCE Bsq [p.u.]:
         + Seq. Self: 0.934577972E-01
         0 Seq. Self: 0.623655925E-01
 
