 =====================================================
  PSCAD LINE CONSTANTS PROGRAM OUTPUT FILE (*.out)

  NOTE: This file is auto-generated.  Any manual
        changes will be lost once the Line Constants
        Program is re-run.
 =====================================================

  Display Format: M,N denotes a complex number M + jN


 -----------------------------------------------------
  PHASE DOMAIN DATA @     60.000 Hz:
 -----------------------------------------------------

 SERIES IMPEDANCE MATRIX (Z) [ohms/m]: 
    0.138581756E-03,0.637428148E-03   0.120192677E-03,0.252063791E-03   0.120192677E-03,0.252063791E-03   0.107707249E-03,0.139548363E-03   0.107707249E-03,0.139548363E-03   0.107707249E-03,0.139548363E-03
    0.120192677E-03,0.252063791E-03   0.138581756E-03,0.637428148E-03   0.120192677E-03,0.252063791E-03   0.107707249E-03,0.139548363E-03   0.107707249E-03,0.139548363E-03   0.107707249E-03,0.139548363E-03
    0.120192677E-03,0.252063791E-03   0.120192677E-03,0.252063791E-03   0.138581756E-03,0.637428148E-03   0.107707249E-03,0.139548363E-03   0.107707249E-03,0.139548363E-03   0.107707249E-03,0.139548363E-03
    0.107707249E-03,0.139548363E-03   0.107707249E-03,0.139548363E-03   0.107707249E-03,0.139548363E-03   0.138581756E-03,0.637428148E-03   0.120192677E-03,0.252063791E-03   0.120192677E-03,0.252063791E-03
    0.107707249E-03,0.139548363E-03   0.107707249E-03,0.139548363E-03   0.107707249E-03,0.139548363E-03   0.120192677E-03,0.252063791E-03   0.138581756E-03,0.637428148E-03   0.120192677E-03,0.252063791E-03
    0.107707249E-03,0.139548363E-03   0.107707249E-03,0.139548363E-03   0.107707249E-03,0.139548363E-03   0.120192677E-03,0.252063791E-03   0.120192677E-03,0.252063791E-03   0.138581756E-03,0.637428148E-03

 SHUNT ADMITTANCE MATRIX (Y) [mhos/m]: 
    0.100000000E-10,0.380449949E-08   0.000000000E+00,-.471995080E-09   0.000000000E+00,-.471995080E-09   0.000000000E+00,-.411091718E-10   0.000000000E+00,-.411091718E-10   0.000000000E+00,-.411091718E-10
    0.000000000E+00,-.471995080E-09   0.100000000E-10,0.380449949E-08   0.000000000E+00,-.471995080E-09   0.000000000E+00,-.411091718E-10   0.000000000E+00,-.411091718E-10   0.000000000E+00,-.411091718E-10
    0.000000000E+00,-.471995080E-09   0.000000000E+00,-.471995080E-09   0.100000000E-10,0.380449949E-08   0.000000000E+00,-.411091718E-10   0.000000000E+00,-.411091718E-10   0.000000000E+00,-.411091718E-10
    0.000000000E+00,-.411091718E-10   0.000000000E+00,-.411091718E-10   0.000000000E+00,-.411091718E-10   0.100000000E-10,0.380449949E-08   0.000000000E+00,-.471995080E-09   0.000000000E+00,-.471995080E-09
    0.000000000E+00,-.411091718E-10   0.000000000E+00,-.411091718E-10   0.000000000E+00,-.411091718E-10   0.000000000E+00,-.471995080E-09   0.100000000E-10,0.380449949E-08   0.000000000E+00,-.471995080E-09
    0.000000000E+00,-.411091718E-10   0.000000000E+00,-.411091718E-10   0.000000000E+00,-.411091718E-10   0.000000000E+00,-.471995080E-09   0.000000000E+00,-.471995080E-09   0.100000000E-10,0.380449949E-08

 LONG-LINE CORRECTED SERIES IMPEDANCE MATRIX [ohms]: 
    0.121797115E+02,0.564214095E+02   0.105540006E+02,0.222749387E+02   0.105540006E+02,0.222749387E+02   0.945244353E+01,0.123191578E+02   0.945244353E+01,0.123191578E+02   0.945244353E+01,0.123191578E+02
    0.105540006E+02,0.222749387E+02   0.121797115E+02,0.564214095E+02   0.105540006E+02,0.222749387E+02   0.945244353E+01,0.123191578E+02   0.945244353E+01,0.123191578E+02   0.945244353E+01,0.123191578E+02
    0.105540006E+02,0.222749387E+02   0.105540006E+02,0.222749387E+02   0.121797115E+02,0.564214095E+02   0.945244353E+01,0.123191578E+02   0.945244353E+01,0.123191578E+02   0.945244353E+01,0.123191578E+02
    0.945244353E+01,0.123191578E+02   0.945244353E+01,0.123191578E+02   0.945244353E+01,0.123191578E+02   0.121797115E+02,0.564214095E+02   0.105540006E+02,0.222749387E+02   0.105540006E+02,0.222749387E+02
    0.945244353E+01,0.123191578E+02   0.945244353E+01,0.123191578E+02   0.945244353E+01,0.123191578E+02   0.105540006E+02,0.222749387E+02   0.121797115E+02,0.564214095E+02   0.105540006E+02,0.222749387E+02
    0.945244353E+01,0.123191578E+02   0.945244353E+01,0.123191578E+02   0.945244353E+01,0.123191578E+02   0.105540006E+02,0.222749387E+02   0.105540006E+02,0.222749387E+02   0.121797115E+02,0.564214095E+02

 LONG-LINE CORRECTED SHUNT ADMITTANCE MATRIX [mhos]: 
    0.960010722E-06,0.338290292E-03   0.504084081E-07,-.418741154E-04   0.504084081E-07,-.418741154E-04   0.470639972E-07,-.359955306E-05   0.470639972E-07,-.359955306E-05   0.470639972E-07,-.359955306E-05
    0.504084081E-07,-.418741154E-04   0.960010722E-06,0.338290292E-03   0.504084081E-07,-.418741154E-04   0.470639972E-07,-.359955306E-05   0.470639972E-07,-.359955306E-05   0.470639972E-07,-.359955306E-05
    0.504084081E-07,-.418741154E-04   0.504084081E-07,-.418741154E-04   0.960010722E-06,0.338290292E-03   0.470639972E-07,-.359955306E-05   0.470639972E-07,-.359955306E-05   0.470639972E-07,-.359955306E-05
    0.470639972E-07,-.359955306E-05   0.470639972E-07,-.359955306E-05   0.470639972E-07,-.359955306E-05   0.960010722E-06,0.338290292E-03   0.504084081E-07,-.418741154E-04   0.504084081E-07,-.418741154E-04
    0.470639972E-07,-.359955306E-05   0.470639972E-07,-.359955306E-05   0.470639972E-07,-.359955306E-05   0.504084081E-07,-.418741154E-04   0.960010722E-06,0.338290292E-03   0.504084081E-07,-.418741154E-04
    0.470639972E-07,-.359955306E-05   0.470639972E-07,-.359955306E-05   0.470639972E-07,-.359955306E-05   0.504084081E-07,-.418741154E-04   0.504084081E-07,-.418741154E-04   0.960010722E-06,0.338290292E-03

 -----------------------------------------------------
  MODAL DOMAIN DATA @     60.00 Hz:
 -----------------------------------------------------

 YZ EIGENVECTOR (MODAL TRANSFORMATION) MATRIX (TI): 
    0.408248290E+00,-.499600361E-15   -.408248290E+00,-.138777878E-15   0.761926946E+00,0.000000000E+00   -.128805157E+00,0.150482983E-01   0.219075056E-01,0.134608404E-01   -.139730658E-01,0.149469899E-01
    0.408248290E+00,0.000000000E+00   -.408248290E+00,0.166533454E-15   -.181798398E+00,0.139501667E+00   0.732263555E+00,0.000000000E+00   -.227737831E+00,-.181133045E-01   -.140141139E+00,0.371361975E-02
    0.408248290E+00,-.277555756E-15   -.408248290E+00,0.749400542E-15   -.580128548E+00,-.139501667E+00   -.603458398E+00,-.150482983E-01   0.205830325E+00,0.465246414E-02   0.154114205E+00,-.186606097E-01
    0.408248290E+00,-.444089210E-15   0.408248290E+00,0.000000000E+00   -.572215616E-01,-.607089106E-01   -.223863889E+00,-.489356388E-01   -.599833216E+00,-.456483584E-01   -.536205439E+00,0.812399801E-02
    0.408248290E+00,-.360822483E-15   0.408248290E+00,-.249800181E-15   0.407658355E-01,0.406208809E-01   0.155408755E+00,0.289008958E-01   -.124872228E+00,0.456483584E-01   0.780168241E+00,0.000000000E+00
    0.408248290E+00,-.388578059E-15   0.408248290E+00,-.582867088E-15   0.164557260E-01,0.200880297E-01   0.684551344E-01,0.200347430E-01   0.724705445E+00,0.000000000E+00   -.243962803E+00,-.812399801E-02

 YZ EIGENVALUE VECTOR: 
    0.269617910E+01,-.122514235E+01   0.136372376E+01,-.109947467E+00   0.104205388E+01,-.521679611E-01   0.104205388E+01,-.521679611E-01   0.104205388E+01,-.521679611E-01   0.104205388E+01,-.521679611E-01

 MODAL IMPEDANCE MATRIX [ohms/m]: 
    0.702088856E-03,0.156020082E-02   0.302721204E-18,0.000000000E+00   0.247823728E-18,0.000000000E+00   -.128943005E-18,0.000000000E+00   0.000000000E+00,0.000000000E+00   0.000000000E+00,0.000000000E+00
    0.222178995E-18,0.000000000E+00   0.558453623E-04,0.722910643E-03   0.250821638E-18,0.393870320E-18   0.393791083E-18,0.000000000E+00   0.122123002E-18,-.474338450E-18   -.101366007E-18,0.000000000E+00
    0.245639555E-18,0.125360876E-18   0.260039115E-18,0.426904605E-18   -.302895526E-04,0.353187660E-03   -.870143320E-04,0.553076805E-04   -.682584671E-06,-.831218531E-05   -.154608715E-04,-.643388191E-05
    -.154159996E-18,0.000000000E+00   0.399799551E-18,0.000000000E+00   -.870143320E-04,0.553076805E-04   -.228237921E-06,0.383097732E-03   -.167056892E-04,-.505718523E-04   -.191062682E-04,0.128134305E-04
    0.108420217E-18,0.000000000E+00   0.128749008E-18,-.460785923E-18   -.682584671E-06,-.831218531E-05   -.167056892E-04,-.505718523E-04   -.263870471E-05,0.382738278E-03   -.164696933E-04,0.436841530E-04
    0.000000000E+00,0.000000000E+00   0.000000000E+00,0.000000000E+00   -.154608715E-04,-.643388191E-05   -.191062682E-04,0.128134305E-04   -.164696933E-04,0.436841530E-04   0.229711354E-04,0.384591511E-03

 MODAL ADMITTANCE MATRIX [mhos/m]: 
    0.100000000E-10,0.273718182E-08   0.000000000E+00,0.000000000E+00   0.000000000E+00,0.000000000E+00   0.000000000E+00,0.000000000E+00   0.000000000E+00,0.000000000E+00   0.000000000E+00,0.000000000E+00
    0.000000000E+00,0.000000000E+00   0.100000000E-10,0.298383685E-08   0.000000000E+00,0.000000000E+00   0.000000000E+00,0.000000000E+00   0.000000000E+00,0.000000000E+00   0.000000000E+00,0.000000000E+00
    0.000000000E+00,0.000000000E+00   0.000000000E+00,0.000000000E+00   0.289845190E-09,0.450656000E-08   0.991637055E-09,-.735121195E-09   0.103535592E-09,-.533741895E-10   0.996312452E-10,0.465465452E-10
    0.000000000E+00,0.000000000E+00   0.000000000E+00,0.000000000E+00   0.991637055E-09,-.735121195E-09   -.656578582E-10,0.424682131E-08   0.164953891E-09,0.563993880E-09   0.220453366E-09,-.248350255E-09
    0.000000000E+00,0.000000000E+00   0.000000000E+00,0.000000000E+00   0.103535592E-09,-.533741895E-10   0.164953891E-09,0.563993880E-09   0.247138449E-09,0.442108685E-08   0.215138529E-09,-.531946884E-09
    0.000000000E+00,0.000000000E+00   0.000000000E+00,0.000000000E+00   0.996312452E-10,0.465465452E-10   0.220453366E-09,-.248350255E-09   0.215138529E-09,-.531946884E-09   -.107100527E-09,0.432351747E-08

 MODAL CHARACTERISTIC IMPEDANCE VECTOR (Z0) [ohms]: 
    0.773299547E+03,-.164499507E+03   0.492611168E+03,-.181723410E+02   0.279388554E+03,0.209624722E+02   0.300320441E+03,-.223194304E+01   0.293859102E+03,0.922079454E+01   0.298204532E+03,-.125953420E+02

 MODAL TRAVEL TIME VECTOR [ms]: 
    0.498190681E+00                   0.346184387E+00                   0.302463713E+00                   0.302463713E+00                   0.302463713E+00                   0.302463713E+00

 MODAL VELOCITY VECTOR [m/s]: 
    0.178245004E+09                   0.256510702E+09                   0.293588937E+09                   0.293588937E+09                   0.293588937E+09                   0.293588937E+09

 -----------------------------------------------------
  SEQUENCE COMPONENT DATA @     60.00 Hz:
 -----------------------------------------------------

 SEQUENCE TRANSFORM MATRIX: 
    0.577350269E+00,0.000000000E+00   0.577350269E+00,0.000000000E+00   0.577350269E+00,0.000000000E+00
    0.577350269E+00,0.000000000E+00   -.288675135E+00,-.500000000E+00   -.288675135E+00,0.500000000E+00
    0.577350269E+00,0.000000000E+00   -.288675135E+00,0.500000000E+00   -.288675135E+00,-.500000000E+00

 SEQUENCE IMPEDANCE MATRIX (Zsq) [ohms/m]: 
    0.378967109E-03,0.114155573E-02   0.000000000E+00,0.000000000E+00   0.000000000E+00,0.000000000E+00   0.323121747E-03,0.418645088E-03   0.000000000E+00,0.000000000E+00   0.000000000E+00,0.000000000E+00
    0.000000000E+00,0.000000000E+00   0.183890797E-04,0.385364356E-03   0.000000000E+00,0.000000000E+00   0.000000000E+00,0.000000000E+00   0.000000000E+00,0.000000000E+00   0.000000000E+00,0.000000000E+00
    0.108420217E-18,0.000000000E+00   0.000000000E+00,0.000000000E+00   0.183890797E-04,0.385364356E-03   0.000000000E+00,0.000000000E+00   0.000000000E+00,0.000000000E+00   0.000000000E+00,0.000000000E+00
    0.323121747E-03,0.418645088E-03   0.000000000E+00,0.000000000E+00   0.000000000E+00,0.000000000E+00   0.378967109E-03,0.114155573E-02   0.000000000E+00,0.000000000E+00   0.000000000E+00,0.000000000E+00
    0.000000000E+00,0.000000000E+00   0.000000000E+00,0.000000000E+00   0.000000000E+00,0.000000000E+00   0.000000000E+00,0.000000000E+00   0.183890797E-04,0.385364356E-03   0.000000000E+00,0.000000000E+00
    0.000000000E+00,0.000000000E+00   0.000000000E+00,0.000000000E+00   0.000000000E+00,0.000000000E+00   0.108420217E-18,0.000000000E+00   0.000000000E+00,0.000000000E+00   0.183890797E-04,0.385364356E-03

 SEQUENCE ADMITTANCE MATRIX (Ysq) [mhos/m]: 
    0.100000000E-10,0.286050933E-08   0.000000000E+00,0.000000000E+00   0.000000000E+00,0.000000000E+00   0.000000000E+00,-.123327516E-09   0.000000000E+00,0.000000000E+00   0.000000000E+00,0.000000000E+00
    0.000000000E+00,0.000000000E+00   0.100000000E-10,0.427649457E-08   0.000000000E+00,0.000000000E+00   0.000000000E+00,0.000000000E+00   0.000000000E+00,0.000000000E+00   0.000000000E+00,0.000000000E+00
    0.000000000E+00,0.000000000E+00   0.000000000E+00,0.000000000E+00   0.100000000E-10,0.427649457E-08   0.000000000E+00,0.000000000E+00   0.000000000E+00,0.000000000E+00   0.000000000E+00,0.000000000E+00
    0.000000000E+00,-.123327516E-09   0.000000000E+00,0.000000000E+00   0.000000000E+00,0.000000000E+00   0.100000000E-10,0.286050933E-08   0.000000000E+00,0.000000000E+00   0.000000000E+00,0.000000000E+00
    0.000000000E+00,0.000000000E+00   0.000000000E+00,0.000000000E+00   0.000000000E+00,0.000000000E+00   0.000000000E+00,0.000000000E+00   0.100000000E-10,0.427649457E-08   0.000000000E+00,0.000000000E+00
    0.000000000E+00,0.000000000E+00   0.000000000E+00,0.000000000E+00   0.000000000E+00,0.000000000E+00   0.000000000E+00,0.000000000E+00   0.000000000E+00,0.000000000E+00   0.100000000E-10,0.427649457E-08

 -----------------------------------------------------
  LOAD FLOW RXB FORMATTED DATA @     60.00 Hz:
 -----------------------------------------------------

  Per-Unit Quantities Based On:    Base Voltage:  230.00 kV,L-L,RMS
                                       Base MVA:  100.00 MVA

  NOTE: Base values are set using Output File Data
        Display Options component in Editor view.

  LONG-LINE CORRECTED SEQUENCE RESISTANCE [p.u.]:
      Circuit 1:
         + Seq. Self: 0.307317755E-02
         0 Seq. Self: 0.629257327E-01
      Circuit 2:
         + Seq. Self: 0.307317755E-02
         0 Seq. Self: 0.629257327E-01

       0 Seq. Mutual: 0.536055399E-01

  LONG-LINE CORRECTED SEQUENCE REACTANCE [p.u.]:
      Circuit 1:
         + Seq. Self: 0.645490941E-01
         0 Seq. Self: 0.190871998    
      Circuit 2:
         + Seq. Self: 0.645490941E-01
         0 Seq. Self: 0.190871998    

       0 Seq. Mutual: 0.698628988E-01

  LONG-LINE CORRECTED SEQUENCE SUSCEPTANCE [p.u]:
      Circuit 1:
         + Seq. Self: 0.201106971    
         0 Seq. Self: 0.134652750    
      Circuit 2:
         + Seq. Self: 0.201106971    
         0 Seq. Self: 0.134652750    

       0 Seq. Mutual: 0.571249071E-02

  SEQUENCE RESISTANCE [p.u.]:
      Circuit 1:
         + Seq. Self: 0.308686253E-02
         0 Seq. Self: 0.636148947E-01
      Circuit 2:
         + Seq. Self: 0.308686253E-02
         0 Seq. Self: 0.636148947E-01

       0 Seq. Mutual: 0.542404747E-01

  SEQUENCE REACTANCE [p.u.]:
      Circuit 1:
         + Seq. Self: 0.646887615E-01
         0 Seq. Self: 0.191625990    
      Circuit 2:
         + Seq. Self: 0.646887615E-01
         0 Seq. Self: 0.191625990    

       0 Seq. Mutual: 0.702753947E-01

  SEQUENCE SUSCEPTANCE [p.u.]:
      Circuit 1:
         + Seq. Self: 0.200889188    
         0 Seq. Self: 0.134372998    
      Circuit 2:
         + Seq. Self: 0.200889188    
         0 Seq. Self: 0.134372998    

       0 Seq. Mutual: 0.579333471E-02
 
