 =====================================================
  PSCAD LINE CONSTANTS PROGRAM OUTPUT FILE (*.out)

  NOTE: This file is auto-generated.  Any manual
        changes will be lost once the Line Constants
        Program is re-run.
 =====================================================

  Display Format: M,N denotes a complex number M + jN


 -----------------------------------------------------
  PHASE DOMAIN DATA @     60.000 Hz:
 -----------------------------------------------------

 SERIES IMPEDANCE MATRIX (Z) [ohms/m]: 
    0.115248612E-03,0.672372757E-03   0.972877711E-04,0.289591866E-03   0.972877711E-04,0.289591866E-03   0.901550362E-04,0.175497039E-03   0.901550362E-04,0.175497039E-03   0.901550362E-04,0.175497039E-03
    0.972877711E-04,0.289591866E-03   0.115248612E-03,0.672372757E-03   0.972877711E-04,0.289591866E-03   0.901550362E-04,0.175497039E-03   0.901550362E-04,0.175497039E-03   0.901550362E-04,0.175497039E-03
    0.972877711E-04,0.289591866E-03   0.972877711E-04,0.289591866E-03   0.115248612E-03,0.672372757E-03   0.901550362E-04,0.175497039E-03   0.901550362E-04,0.175497039E-03   0.901550362E-04,0.175497039E-03
    0.901550362E-04,0.175497039E-03   0.901550362E-04,0.175497039E-03   0.901550362E-04,0.175497039E-03   0.113882848E-03,0.673435923E-03   0.959660780E-04,0.290672492E-03   0.959660780E-04,0.290672492E-03
    0.901550362E-04,0.175497039E-03   0.901550362E-04,0.175497039E-03   0.901550362E-04,0.175497039E-03   0.959660780E-04,0.290672492E-03   0.113882848E-03,0.673435923E-03   0.959660780E-04,0.290672492E-03
    0.901550362E-04,0.175497039E-03   0.901550362E-04,0.175497039E-03   0.901550362E-04,0.175497039E-03   0.959660780E-04,0.290672492E-03   0.959660780E-04,0.290672492E-03   0.113882848E-03,0.673435923E-03

 SHUNT ADMITTANCE MATRIX (Y) [mhos/m]: 
    0.100000000E-10,0.373590220E-08   0.000000000E+00,-.548246230E-09   0.000000000E+00,-.548246230E-09   0.000000000E+00,-.520034706E-10   0.000000000E+00,-.520034706E-10   0.000000000E+00,-.520034706E-10
    0.000000000E+00,-.548246230E-09   0.100000000E-10,0.373590220E-08   0.000000000E+00,-.548246230E-09   0.000000000E+00,-.520034706E-10   0.000000000E+00,-.520034706E-10   0.000000000E+00,-.520034706E-10
    0.000000000E+00,-.548246230E-09   0.000000000E+00,-.548246230E-09   0.100000000E-10,0.373590220E-08   0.000000000E+00,-.520034706E-10   0.000000000E+00,-.520034706E-10   0.000000000E+00,-.520034706E-10
    0.000000000E+00,-.520034706E-10   0.000000000E+00,-.520034706E-10   0.000000000E+00,-.520034706E-10   0.100000000E-10,0.373421015E-08   0.000000000E+00,-.549198906E-09   0.000000000E+00,-.549198906E-09
    0.000000000E+00,-.520034706E-10   0.000000000E+00,-.520034706E-10   0.000000000E+00,-.520034706E-10   0.000000000E+00,-.549198906E-09   0.100000000E-10,0.373421015E-08   0.000000000E+00,-.549198906E-09
    0.000000000E+00,-.520034706E-10   0.000000000E+00,-.520034706E-10   0.000000000E+00,-.520034706E-10   0.000000000E+00,-.549198906E-09   0.000000000E+00,-.549198906E-09   0.100000000E-10,0.373421015E-08

 LONG-LINE CORRECTED SERIES IMPEDANCE MATRIX [ohms]: 
    0.955240243E+01,0.560779050E+02   0.805554281E+01,0.241124864E+02   0.805554281E+01,0.241124864E+02   0.746226501E+01,0.145934945E+02   0.746226501E+01,0.145934945E+02   0.746226501E+01,0.145934945E+02
    0.805554281E+01,0.241124864E+02   0.955240243E+01,0.560779050E+02   0.805554281E+01,0.241124864E+02   0.746226501E+01,0.145934945E+02   0.746226501E+01,0.145934945E+02   0.746226501E+01,0.145934945E+02
    0.805554281E+01,0.241124864E+02   0.805554281E+01,0.241124864E+02   0.955240243E+01,0.560779050E+02   0.746226501E+01,0.145934945E+02   0.746226501E+01,0.145934945E+02   0.746226501E+01,0.145934945E+02
    0.746226501E+01,0.145934945E+02   0.746226501E+01,0.145934945E+02   0.746226501E+01,0.145934945E+02   0.943887398E+01,0.561661388E+02   0.794568629E+01,0.242021657E+02   0.794568629E+01,0.242021657E+02
    0.746226501E+01,0.145934945E+02   0.746226501E+01,0.145934945E+02   0.746226501E+01,0.145934945E+02   0.794568629E+01,0.242021657E+02   0.943887398E+01,0.561661388E+02   0.794568629E+01,0.242021657E+02
    0.746226501E+01,0.145934945E+02   0.746226501E+01,0.145934945E+02   0.746226501E+01,0.145934945E+02   0.794568629E+01,0.242021657E+02   0.794568629E+01,0.242021657E+02   0.943887398E+01,0.561661388E+02

 LONG-LINE CORRECTED SHUNT ADMITTANCE MATRIX [mhos]: 
    0.881352591E-06,0.312939632E-03   0.269422292E-07,-.458497218E-04   0.269422292E-07,-.458497218E-04   0.271619171E-07,-.430804323E-05   0.271619171E-07,-.430804323E-05   0.271619171E-07,-.430804323E-05
    0.269422292E-07,-.458497218E-04   0.881352591E-06,0.312939632E-03   0.269422292E-07,-.458497218E-04   0.271619171E-07,-.430804323E-05   0.271619171E-07,-.430804323E-05   0.271619171E-07,-.430804323E-05
    0.269422292E-07,-.458497218E-04   0.269422292E-07,-.458497218E-04   0.881352591E-06,0.312939632E-03   0.271619171E-07,-.430804323E-05   0.271619171E-07,-.430804323E-05   0.271619171E-07,-.430804323E-05
    0.271619171E-07,-.430804323E-05   0.271619171E-07,-.430804323E-05   0.271619171E-07,-.430804323E-05   0.880778965E-06,0.312797963E-03   0.264140841E-07,-.459293945E-04   0.264140841E-07,-.459293945E-04
    0.271619171E-07,-.430804323E-05   0.271619171E-07,-.430804323E-05   0.271619171E-07,-.430804323E-05   0.264140841E-07,-.459293945E-04   0.880778965E-06,0.312797963E-03   0.264140841E-07,-.459293945E-04
    0.271619171E-07,-.430804323E-05   0.271619171E-07,-.430804323E-05   0.271619171E-07,-.430804323E-05   0.264140841E-07,-.459293945E-04   0.264140841E-07,-.459293945E-04   0.880778965E-06,0.312797963E-03

 -----------------------------------------------------
  MODAL DOMAIN DATA @     60.00 Hz:
 -----------------------------------------------------

 YZ EIGENVECTOR (MODAL TRANSFORMATION) MATRIX (TI): 
    0.408561683E+00,0.000000000E+00   -.408229463E+00,-.170618628E-02   -.212668446E+00,0.866838606E-01   0.704451946E+00,0.000000000E+00   0.136008256E-12,-.344010483E-14   -.180118592E-13,0.438093682E-13
    0.408561683E+00,-.430211422E-15   -.408229463E+00,-.170618628E-02   0.783508504E+00,0.000000000E+00   -.295753947E-01,0.153971415E+00   -.592703043E-12,-.313474310E-12   -.718286127E-12,-.457569409E-13
    0.408561683E+00,-.228983499E-15   -.408229463E+00,-.170618628E-02   -.570840058E+00,-.866838606E-01   -.674876551E+00,-.153971415E+00   0.456111979E-12,0.317132473E-12   0.735978483E-12,0.182697841E-14
    0.407930154E+00,0.191690364E-02   0.408263552E+00,-.555111512E-15   -.224924422E-12,0.247185393E-12   -.158373900E-12,0.769732333E-13   -.323085335E-01,0.129234134E+00   -.566634740E+00,-.619228838E-01
    0.407930154E+00,0.191690364E-02   0.408263552E+00,-.113797860E-14   0.644842458E-12,0.368400368E-12   0.242674378E-12,0.306528866E-12   0.710787737E+00,0.000000000E+00   0.788648311E+00,0.000000000E+00
    0.407930154E+00,0.191690364E-02   0.408263552E+00,0.000000000E+00   -.420947927E-12,-.615722048E-12   -.849113362E-13,-.383196421E-12   -.678479203E+00,-.129234134E+00   -.222013572E+00,0.619228838E-01

 YZ EIGENVALUE VECTOR: 
    0.278918525E+01,-.918767711E+00   0.128354447E+01,-.705909456E-01   0.103692264E+01,-.510804382E-01   0.103692264E+01,-.510804382E-01   0.103669665E+01,-.509525538E-01   0.103669665E+01,-.509525538E-01

 MODAL IMPEDANCE MATRIX [ohms/m]: 
    0.569916565E-03,0.178232898E-02   -.216205160E-18,-.447233396E-18   -.173275992E-18,0.867365704E-18   -.139832320E-18,0.146458392E-18   0.000000000E+00,0.000000000E+00   0.000000000E+00,0.108420217E-18
    -.121972744E-18,-.433680869E-18   0.343213403E-04,0.726824834E-03   0.211762715E-18,-.420149140E-18   -.396017879E-18,-.246112719E-18   0.413352078E-18,0.000000000E+00   0.108420217E-18,-.162630326E-18
    -.208414825E-18,0.953688607E-18   0.190682469E-18,-.416275963E-18   -.634792776E-05,0.372391174E-03   -.122016429E-03,0.820327769E-04   -.946953703E-16,-.286771660E-16   -.661975171E-16,-.735829304E-16
    -.161346227E-18,0.168846169E-18   -.391502750E-18,-.230879031E-18   -.122016429E-03,0.820327769E-04   -.598069992E-04,0.350051348E-03   -.358003426E-16,0.317188622E-16   -.390392422E-16,-.566277208E-16
    0.000000000E+00,0.000000000E+00   0.399799551E-18,0.000000000E+00   -.946938539E-16,-.286641845E-16   -.358068152E-16,0.317190571E-16   -.472072612E-04,0.360184959E-03   0.457195319E-04,0.283837341E-03
    0.000000000E+00,0.000000000E+00   0.101643954E-18,-.149077799E-18   -.661900953E-16,-.735786838E-16   -.390402655E-16,-.566288372E-16   0.457195319E-04,0.283837341E-03   0.130567230E-05,0.377657377E-03

 MODAL ADMITTANCE MATRIX [mhos/m]: 
    0.216518863E-10,0.248155367E-08   0.000000000E+00,0.000000000E+00   0.000000000E+00,0.000000000E+00   0.000000000E+00,0.000000000E+00   0.000000000E+00,0.000000000E+00   0.000000000E+00,0.000000000E+00
    0.000000000E+00,0.000000000E+00   0.216664951E-10,0.279357977E-08   0.000000000E+00,0.000000000E+00   0.000000000E+00,0.000000000E+00   0.000000000E+00,0.000000000E+00   0.000000000E+00,0.000000000E+00
    0.000000000E+00,0.000000000E+00   0.000000000E+00,0.000000000E+00   -.369103906E-09,0.420216065E-08   0.136511867E-08,-.108933110E-08   0.000000000E+00,0.000000000E+00   0.000000000E+00,0.000000000E+00
    0.000000000E+00,0.000000000E+00   0.000000000E+00,0.000000000E+00   0.136511867E-08,-.108933110E-08   0.285428233E-09,0.441487769E-08   0.000000000E+00,0.000000000E+00   0.000000000E+00,0.000000000E+00
    0.000000000E+00,0.000000000E+00   0.000000000E+00,0.000000000E+00   0.000000000E+00,0.000000000E+00   0.000000000E+00,0.000000000E+00   0.552160977E-08,0.659306949E-08   -.493317983E-08,-.430378198E-08
    0.000000000E+00,0.000000000E+00   0.000000000E+00,0.000000000E+00   0.000000000E+00,0.000000000E+00   0.000000000E+00,0.000000000E+00   -.493317983E-08,-.430378198E-08   0.441783715E-08,0.699351567E-08

 MODAL CHARACTERISTIC IMPEDANCE VECTOR (Z0) [ohms]: 
    0.858547372E+03,-.130090388E+03   0.510252606E+03,-.100609875E+02   0.296954600E+03,-.104819618E+02   0.281386907E+03,0.330419081E+02   0.188183739E+03,0.826315375E+02   0.205350497E+03,0.590437451E+02

 MODAL TRAVEL TIME VECTOR [ms]: 
    0.472217046E+00                   0.316306530E+00                   0.284278151E+00                   0.284278151E+00                   0.284246778E+00                   0.284246778E+00

 MODAL VELOCITY VECTOR [m/s]: 
    0.177181236E+09                   0.264515564E+09                   0.294317378E+09                   0.294317378E+09                   0.294349863E+09                   0.294349863E+09

 -----------------------------------------------------
  SEQUENCE COMPONENT DATA @     60.00 Hz:
 -----------------------------------------------------

 SEQUENCE TRANSFORM MATRIX: 
    0.577350269E+00,0.000000000E+00   0.577350269E+00,0.000000000E+00   0.577350269E+00,0.000000000E+00
    0.577350269E+00,0.000000000E+00   -.288675135E+00,-.500000000E+00   -.288675135E+00,0.500000000E+00
    0.577350269E+00,0.000000000E+00   -.288675135E+00,0.500000000E+00   -.288675135E+00,-.500000000E+00

 SEQUENCE IMPEDANCE MATRIX (Zsq) [ohms/m]: 
    0.309824154E-03,0.125155649E-02   0.000000000E+00,0.000000000E+00   0.000000000E+00,0.000000000E+00   0.270465109E-03,0.526491116E-03   0.000000000E+00,0.000000000E+00   0.000000000E+00,0.000000000E+00
    0.000000000E+00,0.000000000E+00   0.179608409E-04,0.382780891E-03   0.000000000E+00,0.000000000E+00   0.000000000E+00,0.000000000E+00   0.000000000E+00,0.000000000E+00   0.000000000E+00,0.000000000E+00
    0.000000000E+00,0.108420217E-18   -.108420217E-18,0.000000000E+00   0.179608409E-04,0.382780891E-03   0.000000000E+00,0.000000000E+00   0.000000000E+00,0.000000000E+00   0.000000000E+00,0.000000000E+00
    0.270465109E-03,0.526491116E-03   0.000000000E+00,0.000000000E+00   0.000000000E+00,0.000000000E+00   0.305815004E-03,0.125478091E-02   0.000000000E+00,0.000000000E+00   0.000000000E+00,0.000000000E+00
    0.000000000E+00,0.000000000E+00   0.000000000E+00,0.000000000E+00   0.000000000E+00,0.000000000E+00   0.000000000E+00,0.000000000E+00   0.179167703E-04,0.382763431E-03   0.000000000E+00,0.000000000E+00
    0.000000000E+00,0.000000000E+00   0.000000000E+00,0.000000000E+00   0.000000000E+00,0.000000000E+00   0.000000000E+00,0.000000000E+00   -.101643954E-18,-.105032085E-18   0.179167703E-04,0.382763431E-03

 SEQUENCE ADMITTANCE MATRIX (Ysq) [mhos/m]: 
    0.100000000E-10,0.263940974E-08   0.000000000E+00,0.000000000E+00   0.000000000E+00,0.000000000E+00   0.000000000E+00,-.156010412E-09   0.000000000E+00,0.000000000E+00   0.000000000E+00,0.000000000E+00
    0.000000000E+00,0.000000000E+00   0.100000000E-10,0.428414843E-08   0.000000000E+00,0.000000000E+00   0.000000000E+00,0.000000000E+00   0.000000000E+00,0.000000000E+00   0.000000000E+00,0.000000000E+00
    0.000000000E+00,0.000000000E+00   0.000000000E+00,0.000000000E+00   0.100000000E-10,0.428414843E-08   0.000000000E+00,0.000000000E+00   0.000000000E+00,0.000000000E+00   0.000000000E+00,0.000000000E+00
    0.000000000E+00,-.156010412E-09   0.000000000E+00,0.000000000E+00   0.000000000E+00,0.000000000E+00   0.100000000E-10,0.263581234E-08   0.000000000E+00,0.000000000E+00   0.000000000E+00,0.000000000E+00
    0.000000000E+00,0.000000000E+00   0.000000000E+00,0.000000000E+00   0.000000000E+00,0.000000000E+00   0.000000000E+00,0.000000000E+00   0.100000000E-10,0.428340905E-08   0.000000000E+00,0.000000000E+00
    0.000000000E+00,0.000000000E+00   0.000000000E+00,0.000000000E+00   0.000000000E+00,0.000000000E+00   0.000000000E+00,0.000000000E+00   0.000000000E+00,0.000000000E+00   0.100000000E-10,0.428340905E-08

 -----------------------------------------------------
  LOAD FLOW RXB FORMATTED DATA @     60.00 Hz:
 -----------------------------------------------------

  Per-Unit Quantities Based On:    Base Voltage:  230.00 kV,L-L,RMS
                                       Base MVA:  100.00 MVA

  NOTE: Base values are set using Output File Data
        Display Options component in Editor view.

  LONG-LINE CORRECTED SEQUENCE RESISTANCE [p.u.]:
      Circuit 1:
         + Seq. Self: 0.282960232E-02
         0 Seq. Self: 0.485132099E-01
      Circuit 2:
         + Seq. Self: 0.282266104E-02
         0 Seq. Self: 0.478832638E-01

       0 Seq. Mutual: 0.423190832E-01

  LONG-LINE CORRECTED SEQUENCE REACTANCE [p.u.]:
      Circuit 1:
         + Seq. Self: 0.604261221E-01
         0 Seq. Self: 0.197169901    
      Circuit 2:
         + Seq. Self: 0.604233898E-01
         0 Seq. Self: 0.197675747    

       0 Seq. Mutual: 0.827608382E-01

  LONG-LINE CORRECTED SEQUENCE SUSCEPTANCE [p.u]:
      Circuit 1:
         + Seq. Self: 0.189799568    
         0 Seq. Self: 0.117036059    
      Circuit 2:
         + Seq. Self: 0.189766772    
         0 Seq. Self: 0.116876823    

       0 Seq. Mutual: 0.683686460E-02

  SEQUENCE RESISTANCE [p.u.]:
      Circuit 1:
         + Seq. Self: 0.284073277E-02
         0 Seq. Self: 0.490025848E-01
      Circuit 2:
         + Seq. Self: 0.283376246E-02
         0 Seq. Self: 0.483684873E-01

       0 Seq. Mutual: 0.427774569E-01

  SEQUENCE REACTANCE [p.u.]:
      Circuit 1:
         + Seq. Self: 0.605416098E-01
         0 Seq. Self: 0.197949392    
      Circuit 2:
         + Seq. Self: 0.605388483E-01
         0 Seq. Self: 0.198459374    

       0 Seq. Mutual: 0.832711884E-01

  SEQUENCE SUSCEPTANCE [p.u.]:
      Circuit 1:
         + Seq. Self: 0.189618003    
         0 Seq. Self: 0.116821257    
      Circuit 2:
         + Seq. Self: 0.189585278    
         0 Seq. Self: 0.116662035    

       0 Seq. Mutual: 0.690507886E-02
 
